2024-01-29 14:06:11 c.e.b.a.controller.LogTestController - 에러 로그입니다.
2024-01-29 14:42:56 c.e.b.a.controller.LogTestController - 에러 로그입니다.
2024-01-29 14:54:33 c.e.b.a.controller.LogTestController - 에러 로그입니다.
2024-01-29 14:54:54 c.e.b.a.controller.LogTestController - 에러 로그입니다.
2024-01-29 14:54:56 c.e.b.a.controller.LogTestController - 에러 로그입니다.
2024-01-29 14:56:10 c.e.b.a.controller.LogTestController - 에러 로그입니다.
2024-01-29 14:56:11 c.e.b.a.controller.LogTestController - 에러 로그입니다.
2024-01-29 14:56:12 c.e.b.a.controller.LogTestController - 에러 로그입니다.
2024-01-29 14:56:13 c.e.b.a.controller.LogTestController - 에러 로그입니다.
2024-01-29 14:56:14 c.e.b.a.controller.LogTestController - 에러 로그입니다.
2024-01-29 14:56:15 c.e.b.a.controller.LogTestController - 에러 로그입니다.
2024-01-29 14:56:18 c.e.b.a.controller.LogTestController - 에러 로그입니다.
2024-01-29 15:23:46 c.e.b.a.controller.LogTestController - 에러 로그입니다.
2024-01-29 16:25:58 c.encore.board.common.AopLogService - 검색하신 ID의 회원이 없습니다.
2024-01-29 16:25:58 c.e.board.common.CommonException - Handler EntityNotFoundException message : 검색하신 ID의 회원이 없습니다.
2024-01-29 16:28:28 c.encore.board.common.AopLogService - 검색하신 ID의 회원이 없습니다. author not found
2024-01-29 16:28:28 c.e.board.common.CommonException - Handler EntityNotFoundException message : 검색하신 ID의 회원이 없습니다. author not found
2024-01-29 16:44:04 c.encore.board.common.AopLogService - 검색하신 ID의 회원이 없습니다. author not found
2024-01-29 16:44:04 c.e.board.common.CommonException - Handler EntityNotFoundException message : 검색하신 ID의 회원이 없습니다. author not found
2024-01-29 16:44:04 c.encore.board.common.AopLogService - 검색하신 ID의 회원이 없습니다. author not found
2024-01-29 16:44:04 c.e.board.common.CommonException - Handler EntityNotFoundException message : 검색하신 ID의 회원이 없습니다. author not found
2024-01-29 16:44:46 c.e.b.a.controller.TestController - 에러 로그입니다.
2024-01-29 16:45:06 c.e.board.common.CommonException - Handler EntityNotFoundException message : 검색하신 ID의 회원이 없습니다. author not found
